[debug] ----------------------------------------------------------------------
[debug] Command:      C:\Program Files\nodejs\node.exe C:\Users\Razvan\AppData\Roaming\npm\node_modules\firebase-tools\bin\firebase deploy --only functions
[debug] CLI Version:  3.6.1
[debug] Platform:     win32
[debug] Node Version: v7.9.0
[debug] Time:         Wed Apr 19 2017 10:56:53 GMT+0200 (W. Europe Daylight Time)
[debug] ----------------------------------------------------------------------
[debug] 
[debug] > command requires scopes: ["email","openid","https://www.googleapis.com/auth/cloudplatformprojects.readonly","https://www.googleapis.com/auth/firebase","https://www.googleapis.com/auth/cloud-platform"]
[debug] >>> HTTP REQUEST GET https://admin.firebase.com/v1/projects/welcome-1f483  
 Wed Apr 19 2017 10:56:53 GMT+0200 (W. Europe Daylight Time)
[debug] <<< HTTP RESPONSE 200
[debug] >>> HTTP REQUEST GET https://admin.firebase.com/v1/database/welcome-1f483/tokens  
 Wed Apr 19 2017 10:56:54 GMT+0200 (W. Europe Daylight Time)
[debug] <<< HTTP RESPONSE 200
[info] 
[info] === Deploying to 'welcome-1f483'...
[info] 
[info] i  deploying functions
[debug] > [functions] package.json contents: {
  "name": "welcome_functions",
  "description": "Cloud Functions for WelcoME",
  "dependencies": {
    "firebase-admin": "^4.2.1",
    "firebase-functions": "^0.5"
  },
  "scripts": {
    "deploy": "firebase deploy --only functions"
  },
  "private": true
}
[info] i  functions: ensuring necessary APIs are enabled...
[info] i  runtimeconfig: ensuring necessary APIs are enabled...
[debug] >>> HTTP REQUEST GET https://servicemanagement.googleapis.com/v1/services/cloudfunctions.googleapis.com/projectSettings/welcome-1f483?view=CONSUMER_VIEW  
 Wed Apr 19 2017 10:56:56 GMT+0200 (W. Europe Daylight Time)
[debug] >>> HTTP REQUEST GET https://servicemanagement.googleapis.com/v1/services/runtimeconfig.googleapis.com/projectSettings/welcome-1f483?view=CONSUMER_VIEW  
 Wed Apr 19 2017 10:56:56 GMT+0200 (W. Europe Daylight Time)
[debug] <<< HTTP RESPONSE 200
[info] +  runtimeconfig: all necessary APIs are enabled
[debug] <<< HTTP RESPONSE 200
[info] +  functions: all necessary APIs are enabled
[debug] >>> HTTP REQUEST GET https://appengine.googleapis.com/v1/apps/welcome-1f483  
 Wed Apr 19 2017 10:56:57 GMT+0200 (W. Europe Daylight Time)
[debug] >>> HTTP REQUEST GET https://apikeys.googleapis.com/v1/projects/welcome-1f483/apiKeys  
 Wed Apr 19 2017 10:56:57 GMT+0200 (W. Europe Daylight Time)
[debug] <<< HTTP RESPONSE 200
[debug] <<< HTTP RESPONSE 200
